<?xml version="1.0" encoding="UTF-8"?>
<!-- Generated by org.testng.reporters.JUnitXMLReporter -->
<testsuite ignored="3" hostname="DESKTOP-E4NSF2S" failures="1" tests="3" name="Test" time="128.123" errors="0" timestamp="01 Jun 2022 11:28:43 GMT">
  <testcase classname="testcases.android.LandingPageTest" name="verifyILL" time="6.788"/>
  <testcase classname="testcases.android.LandingPageTest" name="verify_Login_Btn" time="5.809"/>
  <testcase classname="testcases.android.LandingPageTest" name="verify_Login_User_Inapp" time="30.201">
    <failure type="org.openqa.selenium.NoSuchElementException" message="An element could not be located on the page using the given search parameters.
For documentation on this error, please visit: https://www.seleniumhq.org/exceptions/no_such_element.html
Build info: version: &amp;apos;3.141.59&amp;apos;, revision: &amp;apos;e82be7d358&amp;apos;, time: &amp;apos;2018-11-14T08:17:03&amp;apos;
System info: host: &amp;apos;DESKTOP-E4NSF2S&amp;apos;, ip: &amp;apos;192.168.74.2&amp;apos;, os.name: &amp;apos;Windows 10&amp;apos;, os.arch: &amp;apos;amd64&amp;apos;, os.version: &amp;apos;10.0&amp;apos;, java.version: &amp;apos;17.0.2&amp;apos;
Driver info: io.appium.java_client.android.AndroidDriver
Capabilities {app: C:\Users\Aditya Pawar\eclip..., appPackage: com.polaroid.universalapp, autoGrantPermissions: true, databaseEnabled: false, desired: {app: C:\Users\Aditya Pawar\eclip..., autoGrantPermissions: true, deviceName: Pixel 4a, fullRest: true, platformName: android}, deviceApiLevel: 32, deviceManufacturer: Google, deviceModel: Pixel 4a, deviceName: 13311JEC205927, deviceScreenDensity: 440, deviceScreenSize: 1080x2340, deviceUDID: 13311JEC205927, fullRest: true, javascriptEnabled: true, locationContextEnabled: false, networkConnectionEnabled: true, pixelRatio: 2.75, platform: LINUX, platformName: Android, platformVersion: 12, statBarHeight: 77, takesScreenshot: true, viewportRect: {height: 2083, left: 0, top: 77, width: 1080}, warnings: {}, webStorageEnabled: false}
Session ID: c798dfe5-7010-4593-a0c3-382e7513d507
*** Element info: {Using=id, value=com.polaroid.universalapp:id/fragment_signup_go_to_login}">
      <![CDATA[org.openqa.selenium.NoSuchElementException: An element could not be located on the page using the given search parameters.
For documentation on this error, please visit: https://www.seleniumhq.org/exceptions/no_such_element.html
Build info: version: '3.141.59', revision: 'e82be7d358', time: '2018-11-14T08:17:03'
System info: host: 'DESKTOP-E4NSF2S', ip: '192.168.74.2', os.name: 'Windows 10', os.arch: 'amd64', os.version: '10.0', java.version: '17.0.2'
Driver info: io.appium.java_client.android.AndroidDriver
Capabilities {app: C:\Users\Aditya Pawar\eclip..., appPackage: com.polaroid.universalapp, autoGrantPermissions: true, databaseEnabled: false, desired: {app: C:\Users\Aditya Pawar\eclip..., autoGrantPermissions: true, deviceName: Pixel 4a, fullRest: true, platformName: android}, deviceApiLevel: 32, deviceManufacturer: Google, deviceModel: Pixel 4a, deviceName: 13311JEC205927, deviceScreenDensity: 440, deviceScreenSize: 1080x2340, deviceUDID: 13311JEC205927, fullRest: true, javascriptEnabled: true, locationContextEnabled: false, networkConnectionEnabled: true, pixelRatio: 2.75, platform: LINUX, platformName: Android, platformVersion: 12, statBarHeight: 77, takesScreenshot: true, viewportRect: {height: 2083, left: 0, top: 77, width: 1080}, warnings: {}, webStorageEnabled: false}
Session ID: c798dfe5-7010-4593-a0c3-382e7513d507
*** Element info: {Using=id, value=com.polaroid.universalapp:id/fragment_signup_go_to_login}
at org.openqa.selenium.remote.http.W3CHttpResponseCodec.createException(W3CHttpResponseCodec.java:187)
at org.openqa.selenium.remote.http.W3CHttpResponseCodec.decode(W3CHttpResponseCodec.java:122)
at org.openqa.selenium.remote.http.W3CHttpResponseCodec.decode(W3CHttpResponseCodec.java:49)
at org.openqa.selenium.remote.HttpCommandExecutor.execute(HttpCommandExecutor.java:158)
at io.appium.java_client.remote.AppiumCommandExecutor.execute(AppiumCommandExecutor.java:250)
at org.openqa.selenium.remote.RemoteWebDriver.execute(RemoteWebDriver.java:552)
at io.appium.java_client.DefaultGenericMobileDriver.execute(DefaultGenericMobileDriver.java:41)
at io.appium.java_client.AppiumDriver.execute(AppiumDriver.java:1)
at io.appium.java_client.android.AndroidDriver.execute(AndroidDriver.java:1)
at org.openqa.selenium.remote.RemoteWebDriver.findElement(RemoteWebDriver.java:323)
at io.appium.java_client.DefaultGenericMobileDriver.findElement(DefaultGenericMobileDriver.java:61)
at io.appium.java_client.AppiumDriver.findElement(AppiumDriver.java:1)
at io.appium.java_client.android.AndroidDriver.findElement(AndroidDriver.java:1)
at org.openqa.selenium.remote.RemoteWebDriver.findElementById(RemoteWebDriver.java:372)
at io.appium.java_client.DefaultGenericMobileDriver.findElementById(DefaultGenericMobileDriver.java:69)
at io.appium.java_client.AppiumDriver.findElementById(AppiumDriver.java:1)
at io.appium.java_client.android.AndroidDriver.findElementById(AndroidDriver.java:1)
at org.openqa.selenium.By$ById.findElement(By.java:188)
at org.openqa.selenium.remote.RemoteWebDriver.findElement(RemoteWebDriver.java:315)
at io.appium.java_client.DefaultGenericMobileDriver.findElement(DefaultGenericMobileDriver.java:57)
at io.appium.java_client.AppiumDriver.findElement(AppiumDriver.java:1)
at io.appium.java_client.android.AndroidDriver.findElement(AndroidDriver.java:1)
at screens.androidpageobjects.LandingPageAndroid.tapSignInOnLandingPage(LandingPageAndroid.java:79)
at testcases.android.LandingPageTest.verify_Login_User_Inapp(LandingPageTest.java:51)
... Removed 30 stack frames]]>
    </failure>
  </testcase> <!-- verify_Login_User_Inapp -->
  <testcase classname="testcases.android.LandingPageTest" name="verifyAccptCondition" time="0.0">
    <ignored/>
  </testcase> <!-- verifyAccptCondition -->
  <testcase classname="testcases.android.LandingPageTest" name="verifyQuick_tour" time="0.0">
    <ignored/>
  </testcase> <!-- verifyQuick_tour -->
  <testcase classname="base.TestBase" name="@AfterSuite tearDown" time="0.0">
    <ignored/>
  </testcase> <!-- @AfterSuite tearDown -->
</testsuite> <!-- Test -->
